[debug] [2022-12-24T20:37:46.244Z] ----------------------------------------------------------------------
[debug] [2022-12-24T20:37:46.247Z] Command:       C:\Program Files\nodejs\node.exe C:\Users\sohan computer\AppData\Roaming\npm\node_modules\firebase-tools\lib\bin\firebase.js deploy
[debug] [2022-12-24T20:37:46.248Z] CLI Version:   11.19.0
[debug] [2022-12-24T20:37:46.248Z] Platform:      win32
[debug] [2022-12-24T20:37:46.248Z] Node Version:  v16.15.1
[debug] [2022-12-24T20:37:46.255Z] Time:          Sun Dec 25 2022 02:37:46 GMT+0600 (Omsk Standard Time)
[debug] [2022-12-24T20:37:46.256Z] ----------------------------------------------------------------------
[debug] 
[debug] [2022-12-24T20:37:46.351Z] > command requires scopes: ["email","openid","https://www.googleapis.com/auth/cloudplatformprojects.readonly","https://www.googleapis.com/auth/firebase","https://www.googleapis.com/auth/cloud-platform"]
[debug] [2022-12-24T20:37:46.351Z] > authorizing via signed-in user (formongobd@gmail.com)
[debug] [2022-12-24T20:37:46.352Z] [iam] checking project admin-pakapepe for permissions ["firebase.projects.get","firebasehosting.sites.update"]
[debug] [2022-12-24T20:37:46.354Z] > refreshing access token with scopes: []
[debug] [2022-12-24T20:37:46.356Z] >>> [apiv2][query] POST https://www.googleapis.com/oauth2/v3/token [none]
[debug] [2022-12-24T20:37:46.356Z] >>> [apiv2][body] POST https://www.googleapis.com/oauth2/v3/token [omitted]
[debug] [2022-12-24T20:37:46.859Z] <<< [apiv2][status] POST https://www.googleapis.com/oauth2/v3/token 200
[debug] [2022-12-24T20:37:46.859Z] <<< [apiv2][body] POST https://www.googleapis.com/oauth2/v3/token [omitted]
[debug] [2022-12-24T20:37:46.870Z] >>> [apiv2][query] POST https://cloudresourcemanager.googleapis.com/v1/projects/admin-pakapepe:testIamPermissions [none]
[debug] [2022-12-24T20:37:46.870Z] >>> [apiv2][(partial)header] POST https://cloudresourcemanager.googleapis.com/v1/projects/admin-pakapepe:testIamPermissions x-goog-quota-user=projects/admin-pakapepe
[debug] [2022-12-24T20:37:46.870Z] >>> [apiv2][body] POST https://cloudresourcemanager.googleapis.com/v1/projects/admin-pakapepe:testIamPermissions {"permissions":["firebase.projects.get","firebasehosting.sites.update"]}
[debug] [2022-12-24T20:37:48.576Z] <<< [apiv2][status] POST https://cloudresourcemanager.googleapis.com/v1/projects/admin-pakapepe:testIamPermissions 200
[debug] [2022-12-24T20:37:48.577Z] <<< [apiv2][body] POST https://cloudresourcemanager.googleapis.com/v1/projects/admin-pakapepe:testIamPermissions {"permissions":["firebase.projects.get","firebasehosting.sites.update"]}
[debug] [2022-12-24T20:37:48.580Z] >>> [apiv2][query] GET https://firebase.googleapis.com/v1beta1/projects/admin-pakapepe [none]
[debug] [2022-12-24T20:37:49.247Z] <<< [apiv2][status] GET https://firebase.googleapis.com/v1beta1/projects/admin-pakapepe 200
[debug] [2022-12-24T20:37:49.247Z] <<< [apiv2][body] GET https://firebase.googleapis.com/v1beta1/projects/admin-pakapepe {"projectId":"admin-pakapepe","projectNumber":"952013866236","displayName":"Admin-PakaPepe","name":"projects/admin-pakapepe","resources":{"hostingSite":"admin-pakapepe"},"state":"ACTIVE","etag":"1_41df71f6-1cca-4fb0-b675-bbe258954a5c"}
[info] 
[info] === Deploying to 'admin-pakapepe'...
[info] 
[info] i  deploying hosting 
[debug] [2022-12-24T20:37:49.256Z] >>> [apiv2][query] POST https://firebasehosting.googleapis.com/v1beta1/projects/-/sites/admin-pakapepe/versions [none]
[debug] [2022-12-24T20:37:49.256Z] >>> [apiv2][body] POST https://firebasehosting.googleapis.com/v1beta1/projects/-/sites/admin-pakapepe/versions {"status":"CREATED","labels":{"deployment-tool":"cli-firebase"}}
[debug] [2022-12-24T20:37:51.308Z] <<< [apiv2][status] POST https://firebasehosting.googleapis.com/v1beta1/projects/-/sites/admin-pakapepe/versions 200
[debug] [2022-12-24T20:37:51.308Z] <<< [apiv2][body] POST https://firebasehosting.googleapis.com/v1beta1/projects/-/sites/admin-pakapepe/versions {"name":"projects/952013866236/sites/admin-pakapepe/versions/4febd9aea3b4ff70","status":"CREATED","config":{},"labels":{"deployment-tool":"cli-firebase"}}
[info] i  hosting[admin-pakapepe]: beginning deploy... 
[info] i  hosting[admin-pakapepe]: found 18 files in build 
[debug] [2022-12-24T20:37:51.330Z] [hosting] uploading with 200 concurrency
[debug] [2022-12-24T20:37:51.739Z] [hosting] hash cache [YnVpbGQ] stored for 18 files
[debug] [2022-12-24T20:37:51.739Z] [hosting][hash queue][FINAL] {"max":392,"min":5,"avg":40.888888888888886,"active":0,"complete":18,"success":18,"errored":0,"retried":0,"total":18,"elapsed":405}
[debug] [2022-12-24T20:37:51.740Z] >>> [apiv2][query] POST https://firebasehosting.googleapis.com/v1beta1/projects/952013866236/sites/admin-pakapepe/versions/4febd9aea3b4ff70:populateFiles [none]
[debug] [2022-12-24T20:37:51.740Z] >>> [apiv2][body] POST https://firebasehosting.googleapis.com/v1beta1/projects/952013866236/sites/admin-pakapepe/versions/4febd9aea3b4ff70:populateFiles {"files":{"/favicon.ico":"eae62e993eb980ec8a25058c39d5a51feab118bd2100c4deebb2a9c158ec11f9","/logo192.png":"3ee59515172ee198f3be375979df15ac5345183e656720a381b8872b2a39dc8b","/logo512.png":"ee7e2f3fdb8209c4b6fd7bef6ba50d1b9dba30a25bb5c3126df057e1cb6f5331","/manifest.json":"aff3449bdc238776f5d6d967f19ec491b36aed5fb7f23ccff6500736fd58494a","/robots.txt":"bfe106a3fb878dc83461c86818bf74fc1bdc7f28538ba613cd3e775516ce8b49","/asset-manifest.json":"97c25df8b9f51f6077c631e44a5236cd63d47a9054f97711cf12ff4886777c4f","/index.html":"d915f846cd13a47cf409aed627e7797ad5ba13736d1422c6c4063574192ae071","/static/js/787.6bd230e6.chunk.js":"d861b40a8a12ad9bcf2f539cefbcf3058f68a38526323b33ded02499de345067","/static/js/787.6bd230e6.chunk.js.map":"3cafefb19d3d52e8b2d946373192d8a24a2aa5b13ccf9922c2bdbb4e79ce8483","/static/js/main.461b959f.js.LICENSE.txt":"9610cc399cbb637a3c0652f37e5e2d194acd499f38455b5c8fd0679b07e6c650","/static/media/bannerBg.fc467a01ade1038b592e.jpg":"3174d4ab9b29e69e31263d7161f3803d66f8e6e8716e91b79483f042398532e0","/static/media/logo.6ce24c58023cc2f8fd88fe9d219db6c6.svg":"ac1a3d8899432561573d6a5cf56459437c09b902599a1deb91c0f8d4bb40459d","/static/css/main.b67b7346.css.map":"a6b454166e8d93237c893de5d12895fd725372843e7cb46d3e50218ae311d64d","/static/css/main.b67b7346.css":"facb675bf3ee5ce220b6beef08b5ae61a77f9236ee1084cada1c90bf5c7ab3ee","/static/media/user.3f7af12c9bbe11943eb6.png":"d7780471b74ebbc7a2ee9c682e157094d4d5d19b3b067976af7096a5e783e106","/static/js/main.461b959f.js":"8deffa6d06d83bce17cb8bfe694abffba37c5057579d3a2edaf4827d6781cc51","/static/media/about_us_image.71971637a42175d40363.png":"7eb69ca0fde72226a655dd02e3042d7e8472a502d2aa4253579329157a378297","/static/js/main.461b959f.js.map":"1c033abd2883c58327df053ffcd170393ba9712acb1f22b09489de9ff1b9b29f"}}
[debug] [2022-12-24T20:37:53.296Z] <<< [apiv2][status] POST https://firebasehosting.googleapis.com/v1beta1/projects/952013866236/sites/admin-pakapepe/versions/4febd9aea3b4ff70:populateFiles 200
[debug] [2022-12-24T20:37:53.296Z] <<< [apiv2][body] POST https://firebasehosting.googleapis.com/v1beta1/projects/952013866236/sites/admin-pakapepe/versions/4febd9aea3b4ff70:populateFiles {"uploadRequiredHashes":["8deffa6d06d83bce17cb8bfe694abffba37c5057579d3a2edaf4827d6781cc51","facb675bf3ee5ce220b6beef08b5ae61a77f9236ee1084cada1c90bf5c7ab3ee","97c25df8b9f51f6077c631e44a5236cd63d47a9054f97711cf12ff4886777c4f","a6b454166e8d93237c893de5d12895fd725372843e7cb46d3e50218ae311d64d","d915f846cd13a47cf409aed627e7797ad5ba13736d1422c6c4063574192ae071","1c033abd2883c58327df053ffcd170393ba9712acb1f22b09489de9ff1b9b29f"],"uploadUrl":"https://upload-firebasehosting.googleapis.com/upload/sites/admin-pakapepe/versions/4febd9aea3b4ff70/files"}
[debug] [2022-12-24T20:37:53.302Z] >>> [apiv2][query] POST https://upload-firebasehosting.googleapis.com/upload/sites/admin-pakapepe/versions/4febd9aea3b4ff70/files/8deffa6d06d83bce17cb8bfe694abffba37c5057579d3a2edaf4827d6781cc51 [none]
[debug] [2022-12-24T20:37:53.303Z] >>> [apiv2][body] POST https://upload-firebasehosting.googleapis.com/upload/sites/admin-pakapepe/versions/4febd9aea3b4ff70/files/8deffa6d06d83bce17cb8bfe694abffba37c5057579d3a2edaf4827d6781cc51 [stream]
[debug] [2022-12-24T20:37:53.308Z] >>> [apiv2][query] POST https://upload-firebasehosting.googleapis.com/upload/sites/admin-pakapepe/versions/4febd9aea3b4ff70/files/facb675bf3ee5ce220b6beef08b5ae61a77f9236ee1084cada1c90bf5c7ab3ee [none]
[debug] [2022-12-24T20:37:53.308Z] >>> [apiv2][body] POST https://upload-firebasehosting.googleapis.com/upload/sites/admin-pakapepe/versions/4febd9aea3b4ff70/files/facb675bf3ee5ce220b6beef08b5ae61a77f9236ee1084cada1c90bf5c7ab3ee [stream]
[debug] [2022-12-24T20:37:53.312Z] >>> [apiv2][query] POST https://upload-firebasehosting.googleapis.com/upload/sites/admin-pakapepe/versions/4febd9aea3b4ff70/files/97c25df8b9f51f6077c631e44a5236cd63d47a9054f97711cf12ff4886777c4f [none]
[debug] [2022-12-24T20:37:53.312Z] >>> [apiv2][body] POST https://upload-firebasehosting.googleapis.com/upload/sites/admin-pakapepe/versions/4febd9aea3b4ff70/files/97c25df8b9f51f6077c631e44a5236cd63d47a9054f97711cf12ff4886777c4f [stream]
[debug] [2022-12-24T20:37:53.317Z] >>> [apiv2][query] POST https://upload-firebasehosting.googleapis.com/upload/sites/admin-pakapepe/versions/4febd9aea3b4ff70/files/a6b454166e8d93237c893de5d12895fd725372843e7cb46d3e50218ae311d64d [none]
[debug] [2022-12-24T20:37:53.317Z] >>> [apiv2][body] POST https://upload-firebasehosting.googleapis.com/upload/sites/admin-pakapepe/versions/4febd9aea3b4ff70/files/a6b454166e8d93237c893de5d12895fd725372843e7cb46d3e50218ae311d64d [stream]
[debug] [2022-12-24T20:37:53.321Z] >>> [apiv2][query] POST https://upload-firebasehosting.googleapis.com/upload/sites/admin-pakapepe/versions/4febd9aea3b4ff70/files/d915f846cd13a47cf409aed627e7797ad5ba13736d1422c6c4063574192ae071 [none]
[debug] [2022-12-24T20:37:53.322Z] >>> [apiv2][body] POST https://upload-firebasehosting.googleapis.com/upload/sites/admin-pakapepe/versions/4febd9aea3b4ff70/files/d915f846cd13a47cf409aed627e7797ad5ba13736d1422c6c4063574192ae071 [stream]
[debug] [2022-12-24T20:37:53.327Z] >>> [apiv2][query] POST https://upload-firebasehosting.googleapis.com/upload/sites/admin-pakapepe/versions/4febd9aea3b4ff70/files/1c033abd2883c58327df053ffcd170393ba9712acb1f22b09489de9ff1b9b29f [none]
[debug] [2022-12-24T20:37:53.327Z] >>> [apiv2][body] POST https://upload-firebasehosting.googleapis.com/upload/sites/admin-pakapepe/versions/4febd9aea3b4ff70/files/1c033abd2883c58327df053ffcd170393ba9712acb1f22b09489de9ff1b9b29f [stream]
[debug] [2022-12-24T20:37:53.330Z] [hosting][populate queue][FINAL] {"max":1565,"min":1565,"avg":1565,"active":0,"complete":1,"success":1,"errored":0,"retried":0,"total":1,"elapsed":1593}
[debug] [2022-12-24T20:37:53.330Z] [hosting] uploads queued: 6
[debug] [2022-12-24T20:37:56.463Z] <<< [apiv2][status] POST https://upload-firebasehosting.googleapis.com/upload/sites/admin-pakapepe/versions/4febd9aea3b4ff70/files/facb675bf3ee5ce220b6beef08b5ae61a77f9236ee1084cada1c90bf5c7ab3ee 200
[debug] [2022-12-24T20:37:56.463Z] <<< [apiv2][body] POST https://upload-firebasehosting.googleapis.com/upload/sites/admin-pakapepe/versions/4febd9aea3b4ff70/files/facb675bf3ee5ce220b6beef08b5ae61a77f9236ee1084cada1c90bf5c7ab3ee [stream]
[debug] [2022-12-24T20:37:56.602Z] <<< [apiv2][status] POST https://upload-firebasehosting.googleapis.com/upload/sites/admin-pakapepe/versions/4febd9aea3b4ff70/files/8deffa6d06d83bce17cb8bfe694abffba37c5057579d3a2edaf4827d6781cc51 200
[debug] [2022-12-24T20:37:56.604Z] <<< [apiv2][body] POST https://upload-firebasehosting.googleapis.com/upload/sites/admin-pakapepe/versions/4febd9aea3b4ff70/files/8deffa6d06d83bce17cb8bfe694abffba37c5057579d3a2edaf4827d6781cc51 [stream]
[debug] [2022-12-24T20:37:56.815Z] <<< [apiv2][status] POST https://upload-firebasehosting.googleapis.com/upload/sites/admin-pakapepe/versions/4febd9aea3b4ff70/files/d915f846cd13a47cf409aed627e7797ad5ba13736d1422c6c4063574192ae071 200
[debug] [2022-12-24T20:37:56.816Z] <<< [apiv2][body] POST https://upload-firebasehosting.googleapis.com/upload/sites/admin-pakapepe/versions/4febd9aea3b4ff70/files/d915f846cd13a47cf409aed627e7797ad5ba13736d1422c6c4063574192ae071 [stream]
[debug] [2022-12-24T20:37:56.844Z] <<< [apiv2][status] POST https://upload-firebasehosting.googleapis.com/upload/sites/admin-pakapepe/versions/4febd9aea3b4ff70/files/97c25df8b9f51f6077c631e44a5236cd63d47a9054f97711cf12ff4886777c4f 200
[debug] [2022-12-24T20:37:56.845Z] <<< [apiv2][body] POST https://upload-firebasehosting.googleapis.com/upload/sites/admin-pakapepe/versions/4febd9aea3b4ff70/files/97c25df8b9f51f6077c631e44a5236cd63d47a9054f97711cf12ff4886777c4f [stream]
[debug] [2022-12-24T20:37:56.877Z] <<< [apiv2][status] POST https://upload-firebasehosting.googleapis.com/upload/sites/admin-pakapepe/versions/4febd9aea3b4ff70/files/a6b454166e8d93237c893de5d12895fd725372843e7cb46d3e50218ae311d64d 200
[debug] [2022-12-24T20:37:56.879Z] <<< [apiv2][body] POST https://upload-firebasehosting.googleapis.com/upload/sites/admin-pakapepe/versions/4febd9aea3b4ff70/files/a6b454166e8d93237c893de5d12895fd725372843e7cb46d3e50218ae311d64d [stream]
[debug] [2022-12-24T20:37:57.116Z] <<< [apiv2][status] POST https://upload-firebasehosting.googleapis.com/upload/sites/admin-pakapepe/versions/4febd9aea3b4ff70/files/1c033abd2883c58327df053ffcd170393ba9712acb1f22b09489de9ff1b9b29f 200
[debug] [2022-12-24T20:37:57.116Z] <<< [apiv2][body] POST https://upload-firebasehosting.googleapis.com/upload/sites/admin-pakapepe/versions/4febd9aea3b4ff70/files/1c033abd2883c58327df053ffcd170393ba9712acb1f22b09489de9ff1b9b29f [stream]
[debug] [2022-12-24T20:37:57.117Z] [hosting][upload queue][FINAL] {"max":3816,"min":3165,"avg":3488.1666666666665,"active":0,"complete":6,"success":6,"errored":0,"retried":0,"total":6,"elapsed":3820}
[info] +  hosting[admin-pakapepe]: file upload complete 
[debug] [2022-12-24T20:37:57.123Z] [hosting] deploy completed after 5813ms
[debug] [2022-12-24T20:37:57.130Z] [
  {
    "config": {
      "public": "build",
      "ignore": [
        "firebase.json",
        "**/.*",
        "**/node_modules/**"
      ],
      "rewrites": [
        {
          "source": "**",
          "destination": "/index.html"
        }
      ],
      "site": "admin-pakapepe"
    },
    "version": "projects/952013866236/sites/admin-pakapepe/versions/4febd9aea3b4ff70"
  }
]
[info] i  hosting[admin-pakapepe]: finalizing version... 
[debug] [2022-12-24T20:37:57.143Z] >>> [apiv2][query] PATCH https://firebasehosting.googleapis.com/v1beta1/projects/-/sites/admin-pakapepe/versions/4febd9aea3b4ff70 updateMask=status%2Cconfig
[debug] [2022-12-24T20:37:57.144Z] >>> [apiv2][body] PATCH https://firebasehosting.googleapis.com/v1beta1/projects/-/sites/admin-pakapepe/versions/4febd9aea3b4ff70 {"status":"FINALIZED","config":{"rewrites":[{"glob":"**","path":"/index.html"}]}}
[debug] [2022-12-24T20:37:58.773Z] <<< [apiv2][status] PATCH https://firebasehosting.googleapis.com/v1beta1/projects/-/sites/admin-pakapepe/versions/4febd9aea3b4ff70 200
[debug] [2022-12-24T20:37:58.773Z] <<< [apiv2][body] PATCH https://firebasehosting.googleapis.com/v1beta1/projects/-/sites/admin-pakapepe/versions/4febd9aea3b4ff70 {"name":"projects/952013866236/sites/admin-pakapepe/versions/4febd9aea3b4ff70","status":"FINALIZED","config":{"rewrites":[{"glob":"**","path":"/index.html"}]},"labels":{"deployment-tool":"cli-firebase"},"createTime":"2022-12-24T20:37:50.960637Z","createUser":{"email":"formongobd@gmail.com"},"finalizeTime":"2022-12-24T20:37:59.036833Z","finalizeUser":{"email":"formongobd@gmail.com"}}
[debug] [2022-12-24T20:37:58.774Z] [hosting] finalized version for admin-pakapepe:[object Object]
[info] +  hosting[admin-pakapepe]: version finalized 
[info] i  hosting[admin-pakapepe]: releasing new version... 
[debug] [2022-12-24T20:37:58.777Z] >>> [apiv2][query] POST https://firebasehosting.googleapis.com/v1beta1/projects/-/sites/admin-pakapepe/channels/live/releases versionName=projects%2F952013866236%2Fsites%2Fadmin-pakapepe%2Fversions%2F4febd9aea3b4ff70
[debug] [2022-12-24T20:37:58.778Z] >>> [apiv2][body] POST https://firebasehosting.googleapis.com/v1beta1/projects/-/sites/admin-pakapepe/channels/live/releases {}
[debug] [2022-12-24T20:38:00.263Z] <<< [apiv2][status] POST https://firebasehosting.googleapis.com/v1beta1/projects/-/sites/admin-pakapepe/channels/live/releases 200
[debug] [2022-12-24T20:38:00.264Z] <<< [apiv2][body] POST https://firebasehosting.googleapis.com/v1beta1/projects/-/sites/admin-pakapepe/channels/live/releases {"name":"projects/952013866236/sites/admin-pakapepe/channels/live/releases/1671914279842756","version":{"name":"projects/952013866236/sites/admin-pakapepe/versions/4febd9aea3b4ff70","status":"FINALIZED","config":{"rewrites":[{"glob":"**","path":"/index.html"}]},"labels":{"deployment-tool":"cli-firebase"},"createTime":"2022-12-24T20:37:50.960637Z","createUser":{"email":"formongobd@gmail.com","imageUrl":"https://lh3.googleusercontent.com/a/AEdFTp4IvpGDAjZdA7iciQ8IQAScDDB5f4uGQ-fS8yOi=mo"},"finalizeTime":"2022-12-24T20:37:59.036833Z","finalizeUser":{"email":"formongobd@gmail.com","imageUrl":"https://lh3.googleusercontent.com/a/AEdFTp4IvpGDAjZdA7iciQ8IQAScDDB5f4uGQ-fS8yOi=mo"}},"type":"DEPLOY","releaseTime":"2022-12-24T20:37:59.842756304Z","releaseUser":{"email":"formongobd@gmail.com","imageUrl":"https://lh3.googleusercontent.com/a/AEdFTp4IvpGDAjZdA7iciQ8IQAScDDB5f4uGQ-fS8yOi=mo"}}
[debug] [2022-12-24T20:38:00.264Z] [hosting] release: {"name":"projects/952013866236/sites/admin-pakapepe/channels/live/releases/1671914279842756","version":{"name":"projects/952013866236/sites/admin-pakapepe/versions/4febd9aea3b4ff70","status":"FINALIZED","config":{"rewrites":[{"glob":"**","path":"/index.html"}]},"labels":{"deployment-tool":"cli-firebase"},"createTime":"2022-12-24T20:37:50.960637Z","createUser":{"email":"formongobd@gmail.com","imageUrl":"https://lh3.googleusercontent.com/a/AEdFTp4IvpGDAjZdA7iciQ8IQAScDDB5f4uGQ-fS8yOi=mo"},"finalizeTime":"2022-12-24T20:37:59.036833Z","finalizeUser":{"email":"formongobd@gmail.com","imageUrl":"https://lh3.googleusercontent.com/a/AEdFTp4IvpGDAjZdA7iciQ8IQAScDDB5f4uGQ-fS8yOi=mo"}},"type":"DEPLOY","releaseTime":"2022-12-24T20:37:59.842756304Z","releaseUser":{"email":"formongobd@gmail.com","imageUrl":"https://lh3.googleusercontent.com/a/AEdFTp4IvpGDAjZdA7iciQ8IQAScDDB5f4uGQ-fS8yOi=mo"}}
[info] +  hosting[admin-pakapepe]: release complete 
[info] 
[info] +  Deploy complete! 
[info] 
[info] Project Console: https://console.firebase.google.com/project/admin-pakapepe/overview
[info] Hosting URL: https://admin-pakapepe.web.app
[debug] [2022-12-24T20:38:05.664Z] Error: Timed out.
    at Timeout._onTimeout (C:\Users\sohan computer\AppData\Roaming\npm\node_modules\firebase-tools\lib\utils.js:253:49)
    at listOnTimeout (node:internal/timers:559:17)
    at processTimers (node:internal/timers:502:7)
[error] 
[error] Error: An unexpected error has occurred.
